<?xml version="1.0" encoding="UTF-8"?>
<testsuite xmlns:xsi="http://www.w3.org/2001/XMLSchema-instance" xsi:noNamespaceSchemaLocation="https://maven.apache.org/surefire/maven-surefire-plugin/xsd/surefire-test-report-3.0.xsd" version="3.0" name="com.example.SeleniumJUnitTest" time="0.207" tests="1" errors="1" skipped="0" failures="0">
  <properties>
    <property name="java.specification.version" value="17"/>
    <property name="webdriver.chrome.driver" value="path/to/chromedriver"/>
    <property name="sun.jnu.encoding" value="UTF-8"/>
    <property name="java.class.path" value="/workspaces/Unidad4TestingJUnit/target/test-classes:/workspaces/Unidad4TestingJUnit/target/classes:/home/codespace/.m2/repository/org/junit/jupiter/junit-jupiter-api/5.11.0/junit-jupiter-api-5.11.0.jar:/home/codespace/.m2/repository/org/opentest4j/opentest4j/1.3.0/opentest4j-1.3.0.jar:/home/codespace/.m2/repository/org/junit/platform/junit-platform-commons/1.11.0/junit-platform-commons-1.11.0.jar:/home/codespace/.m2/repository/org/apiguardian/apiguardian-api/1.1.2/apiguardian-api-1.1.2.jar:/home/codespace/.m2/repository/org/seleniumhq/selenium/selenium-java/4.23.1/selenium-java-4.23.1.jar:/home/codespace/.m2/repository/org/seleniumhq/selenium/selenium-api/4.23.1/selenium-api-4.23.1.jar:/home/codespace/.m2/repository/org/seleniumhq/selenium/selenium-chrome-driver/4.23.1/selenium-chrome-driver-4.23.1.jar:/home/codespace/.m2/repository/com/google/auto/service/auto-service-annotations/1.1.1/auto-service-annotations-1.1.1.jar:/home/codespace/.m2/repository/org/seleniumhq/selenium/selenium-chromium-driver/4.23.1/selenium-chromium-driver-4.23.1.jar:/home/codespace/.m2/repository/org/seleniumhq/selenium/selenium-json/4.23.1/selenium-json-4.23.1.jar:/home/codespace/.m2/repository/org/seleniumhq/selenium/selenium-manager/4.23.1/selenium-manager-4.23.1.jar:/home/codespace/.m2/repository/org/seleniumhq/selenium/selenium-devtools-v125/4.23.1/selenium-devtools-v125-4.23.1.jar:/home/codespace/.m2/repository/org/seleniumhq/selenium/selenium-devtools-v126/4.23.1/selenium-devtools-v126-4.23.1.jar:/home/codespace/.m2/repository/org/seleniumhq/selenium/selenium-devtools-v127/4.23.1/selenium-devtools-v127-4.23.1.jar:/home/codespace/.m2/repository/org/seleniumhq/selenium/selenium-devtools-v85/4.23.1/selenium-devtools-v85-4.23.1.jar:/home/codespace/.m2/repository/org/seleniumhq/selenium/selenium-edge-driver/4.23.1/selenium-edge-driver-4.23.1.jar:/home/codespace/.m2/repository/org/seleniumhq/selenium/selenium-firefox-driver/4.23.1/selenium-firefox-driver-4.23.1.jar:/home/codespace/.m2/repository/org/seleniumhq/selenium/selenium-http/4.23.1/selenium-http-4.23.1.jar:/home/codespace/.m2/repository/dev/failsafe/failsafe/3.3.2/failsafe-3.3.2.jar:/home/codespace/.m2/repository/org/seleniumhq/selenium/selenium-ie-driver/4.23.1/selenium-ie-driver-4.23.1.jar:/home/codespace/.m2/repository/org/seleniumhq/selenium/selenium-remote-driver/4.23.1/selenium-remote-driver-4.23.1.jar:/home/codespace/.m2/repository/com/google/guava/guava/33.2.1-jre/guava-33.2.1-jre.jar:/home/codespace/.m2/repository/com/google/guava/failureaccess/1.0.2/failureaccess-1.0.2.jar:/home/codespace/.m2/repository/com/google/guava/listenablefuture/9999.0-empty-to-avoid-conflict-with-guava/listenablefuture-9999.0-empty-to-avoid-conflict-with-guava.jar:/home/codespace/.m2/repository/com/google/code/findbugs/jsr305/3.0.2/jsr305-3.0.2.jar:/home/codespace/.m2/repository/org/checkerframework/checker-qual/3.42.0/checker-qual-3.42.0.jar:/home/codespace/.m2/repository/com/google/errorprone/error_prone_annotations/2.26.1/error_prone_annotations-2.26.1.jar:/home/codespace/.m2/repository/com/google/j2objc/j2objc-annotations/3.0.0/j2objc-annotations-3.0.0.jar:/home/codespace/.m2/repository/io/opentelemetry/semconv/opentelemetry-semconv/1.25.0-alpha/opentelemetry-semconv-1.25.0-alpha.jar:/home/codespace/.m2/repository/io/opentelemetry/opentelemetry-api/1.40.0/opentelemetry-api-1.40.0.jar:/home/codespace/.m2/repository/io/opentelemetry/opentelemetry-context/1.40.0/opentelemetry-context-1.40.0.jar:/home/codespace/.m2/repository/io/opentelemetry/opentelemetry-exporter-logging/1.40.0/opentelemetry-exporter-logging-1.40.0.jar:/home/codespace/.m2/repository/io/opentelemetry/opentelemetry-sdk-common/1.40.0/opentelemetry-sdk-common-1.40.0.jar:/home/codespace/.m2/repository/io/opentelemetry/opentelemetry-sdk-extension-autoconfigure-spi/1.40.0/opentelemetry-sdk-extension-autoconfigure-spi-1.40.0.jar:/home/codespace/.m2/repository/io/opentelemetry/opentelemetry-sdk-extension-autoconfigure/1.40.0/opentelemetry-sdk-extension-autoconfigure-1.40.0.jar:/home/codespace/.m2/repository/io/opentelemetry/opentelemetry-api-incubator/1.40.0-alpha/opentelemetry-api-incubator-1.40.0-alpha.jar:/home/codespace/.m2/repository/io/opentelemetry/opentelemetry-sdk-trace/1.40.0/opentelemetry-sdk-trace-1.40.0.jar:/home/codespace/.m2/repository/io/opentelemetry/opentelemetry-sdk/1.40.0/opentelemetry-sdk-1.40.0.jar:/home/codespace/.m2/repository/io/opentelemetry/opentelemetry-sdk-metrics/1.40.0/opentelemetry-sdk-metrics-1.40.0.jar:/home/codespace/.m2/repository/io/opentelemetry/opentelemetry-sdk-logs/1.40.0/opentelemetry-sdk-logs-1.40.0.jar:/home/codespace/.m2/repository/net/bytebuddy/byte-buddy/1.14.18/byte-buddy-1.14.18.jar:/home/codespace/.m2/repository/org/seleniumhq/selenium/selenium-os/4.23.1/selenium-os-4.23.1.jar:/home/codespace/.m2/repository/org/apache/commons/commons-exec/1.4.0/commons-exec-1.4.0.jar:/home/codespace/.m2/repository/org/seleniumhq/selenium/selenium-safari-driver/4.23.1/selenium-safari-driver-4.23.1.jar:/home/codespace/.m2/repository/org/seleniumhq/selenium/selenium-support/4.23.1/selenium-support-4.23.1.jar:/home/codespace/.m2/repository/org/junit/jupiter/junit-jupiter-engine/5.11.0/junit-jupiter-engine-5.11.0.jar:/home/codespace/.m2/repository/org/junit/platform/junit-platform-engine/1.11.0/junit-platform-engine-1.11.0.jar:/home/codespace/.m2/repository/org/junit/platform/junit-platform-suite-api/1.11.0/junit-platform-suite-api-1.11.0.jar:"/>
    <property name="java.vm.vendor" value="Ubuntu"/>
    <property name="sun.arch.data.model" value="64"/>
    <property name="java.vendor.url" value="https://ubuntu.com/"/>
    <property name="os.name" value="Linux"/>
    <property name="java.vm.specification.version" value="17"/>
    <property name="sun.java.launcher" value="SUN_STANDARD"/>
    <property name="sun.boot.library.path" value="/usr/lib/jvm/java-17-openjdk-amd64/lib"/>
    <property name="sun.java.command" value="/workspaces/Unidad4TestingJUnit/target/surefire/surefirebooter2540580590916513762.jar /workspaces/Unidad4TestingJUnit/target/surefire 2024-08-28T15-35-19_292-jvmRun1 surefire3840058421067561093tmp surefire_013507905925722680173tmp"/>
    <property name="jdk.debug" value="release"/>
    <property name="surefire.test.class.path" value="/workspaces/Unidad4TestingJUnit/target/test-classes:/workspaces/Unidad4TestingJUnit/target/classes:/home/codespace/.m2/repository/org/junit/jupiter/junit-jupiter-api/5.11.0/junit-jupiter-api-5.11.0.jar:/home/codespace/.m2/repository/org/opentest4j/opentest4j/1.3.0/opentest4j-1.3.0.jar:/home/codespace/.m2/repository/org/junit/platform/junit-platform-commons/1.11.0/junit-platform-commons-1.11.0.jar:/home/codespace/.m2/repository/org/apiguardian/apiguardian-api/1.1.2/apiguardian-api-1.1.2.jar:/home/codespace/.m2/repository/org/seleniumhq/selenium/selenium-java/4.23.1/selenium-java-4.23.1.jar:/home/codespace/.m2/repository/org/seleniumhq/selenium/selenium-api/4.23.1/selenium-api-4.23.1.jar:/home/codespace/.m2/repository/org/seleniumhq/selenium/selenium-chrome-driver/4.23.1/selenium-chrome-driver-4.23.1.jar:/home/codespace/.m2/repository/com/google/auto/service/auto-service-annotations/1.1.1/auto-service-annotations-1.1.1.jar:/home/codespace/.m2/repository/org/seleniumhq/selenium/selenium-chromium-driver/4.23.1/selenium-chromium-driver-4.23.1.jar:/home/codespace/.m2/repository/org/seleniumhq/selenium/selenium-json/4.23.1/selenium-json-4.23.1.jar:/home/codespace/.m2/repository/org/seleniumhq/selenium/selenium-manager/4.23.1/selenium-manager-4.23.1.jar:/home/codespace/.m2/repository/org/seleniumhq/selenium/selenium-devtools-v125/4.23.1/selenium-devtools-v125-4.23.1.jar:/home/codespace/.m2/repository/org/seleniumhq/selenium/selenium-devtools-v126/4.23.1/selenium-devtools-v126-4.23.1.jar:/home/codespace/.m2/repository/org/seleniumhq/selenium/selenium-devtools-v127/4.23.1/selenium-devtools-v127-4.23.1.jar:/home/codespace/.m2/repository/org/seleniumhq/selenium/selenium-devtools-v85/4.23.1/selenium-devtools-v85-4.23.1.jar:/home/codespace/.m2/repository/org/seleniumhq/selenium/selenium-edge-driver/4.23.1/selenium-edge-driver-4.23.1.jar:/home/codespace/.m2/repository/org/seleniumhq/selenium/selenium-firefox-driver/4.23.1/selenium-firefox-driver-4.23.1.jar:/home/codespace/.m2/repository/org/seleniumhq/selenium/selenium-http/4.23.1/selenium-http-4.23.1.jar:/home/codespace/.m2/repository/dev/failsafe/failsafe/3.3.2/failsafe-3.3.2.jar:/home/codespace/.m2/repository/org/seleniumhq/selenium/selenium-ie-driver/4.23.1/selenium-ie-driver-4.23.1.jar:/home/codespace/.m2/repository/org/seleniumhq/selenium/selenium-remote-driver/4.23.1/selenium-remote-driver-4.23.1.jar:/home/codespace/.m2/repository/com/google/guava/guava/33.2.1-jre/guava-33.2.1-jre.jar:/home/codespace/.m2/repository/com/google/guava/failureaccess/1.0.2/failureaccess-1.0.2.jar:/home/codespace/.m2/repository/com/google/guava/listenablefuture/9999.0-empty-to-avoid-conflict-with-guava/listenablefuture-9999.0-empty-to-avoid-conflict-with-guava.jar:/home/codespace/.m2/repository/com/google/code/findbugs/jsr305/3.0.2/jsr305-3.0.2.jar:/home/codespace/.m2/repository/org/checkerframework/checker-qual/3.42.0/checker-qual-3.42.0.jar:/home/codespace/.m2/repository/com/google/errorprone/error_prone_annotations/2.26.1/error_prone_annotations-2.26.1.jar:/home/codespace/.m2/repository/com/google/j2objc/j2objc-annotations/3.0.0/j2objc-annotations-3.0.0.jar:/home/codespace/.m2/repository/io/opentelemetry/semconv/opentelemetry-semconv/1.25.0-alpha/opentelemetry-semconv-1.25.0-alpha.jar:/home/codespace/.m2/repository/io/opentelemetry/opentelemetry-api/1.40.0/opentelemetry-api-1.40.0.jar:/home/codespace/.m2/repository/io/opentelemetry/opentelemetry-context/1.40.0/opentelemetry-context-1.40.0.jar:/home/codespace/.m2/repository/io/opentelemetry/opentelemetry-exporter-logging/1.40.0/opentelemetry-exporter-logging-1.40.0.jar:/home/codespace/.m2/repository/io/opentelemetry/opentelemetry-sdk-common/1.40.0/opentelemetry-sdk-common-1.40.0.jar:/home/codespace/.m2/repository/io/opentelemetry/opentelemetry-sdk-extension-autoconfigure-spi/1.40.0/opentelemetry-sdk-extension-autoconfigure-spi-1.40.0.jar:/home/codespace/.m2/repository/io/opentelemetry/opentelemetry-sdk-extension-autoconfigure/1.40.0/opentelemetry-sdk-extension-autoconfigure-1.40.0.jar:/home/codespace/.m2/repository/io/opentelemetry/opentelemetry-api-incubator/1.40.0-alpha/opentelemetry-api-incubator-1.40.0-alpha.jar:/home/codespace/.m2/repository/io/opentelemetry/opentelemetry-sdk-trace/1.40.0/opentelemetry-sdk-trace-1.40.0.jar:/home/codespace/.m2/repository/io/opentelemetry/opentelemetry-sdk/1.40.0/opentelemetry-sdk-1.40.0.jar:/home/codespace/.m2/repository/io/opentelemetry/opentelemetry-sdk-metrics/1.40.0/opentelemetry-sdk-metrics-1.40.0.jar:/home/codespace/.m2/repository/io/opentelemetry/opentelemetry-sdk-logs/1.40.0/opentelemetry-sdk-logs-1.40.0.jar:/home/codespace/.m2/repository/net/bytebuddy/byte-buddy/1.14.18/byte-buddy-1.14.18.jar:/home/codespace/.m2/repository/org/seleniumhq/selenium/selenium-os/4.23.1/selenium-os-4.23.1.jar:/home/codespace/.m2/repository/org/apache/commons/commons-exec/1.4.0/commons-exec-1.4.0.jar:/home/codespace/.m2/repository/org/seleniumhq/selenium/selenium-safari-driver/4.23.1/selenium-safari-driver-4.23.1.jar:/home/codespace/.m2/repository/org/seleniumhq/selenium/selenium-support/4.23.1/selenium-support-4.23.1.jar:/home/codespace/.m2/repository/org/junit/jupiter/junit-jupiter-engine/5.11.0/junit-jupiter-engine-5.11.0.jar:/home/codespace/.m2/repository/org/junit/platform/junit-platform-engine/1.11.0/junit-platform-engine-1.11.0.jar:/home/codespace/.m2/repository/org/junit/platform/junit-platform-suite-api/1.11.0/junit-platform-suite-api-1.11.0.jar:"/>
    <property name="sun.cpu.endian" value="little"/>
    <property name="user.home" value="/home/codespace"/>
    <property name="user.language" value="en"/>
    <property name="java.specification.vendor" value="Oracle Corporation"/>
    <property name="java.version.date" value="2024-07-16"/>
    <property name="java.home" value="/usr/lib/jvm/java-17-openjdk-amd64"/>
    <property name="file.separator" value="/"/>
    <property name="basedir" value="/workspaces/Unidad4TestingJUnit"/>
    <property name="java.vm.compressedOopsMode" value="32-bit"/>
    <property name="line.separator" value="&#10;"/>
    <property name="java.vm.specification.vendor" value="Oracle Corporation"/>
    <property name="java.specification.name" value="Java Platform API Specification"/>
    <property name="surefire.real.class.path" value="/workspaces/Unidad4TestingJUnit/target/surefire/surefirebooter2540580590916513762.jar"/>
    <property name="sun.management.compiler" value="HotSpot 64-Bit Tiered Compilers"/>
    <property name="java.runtime.version" value="17.0.12+7-Ubuntu-1ubuntu220.04"/>
    <property name="user.name" value="codespace"/>
    <property name="path.separator" value=":"/>
    <property name="os.version" value="6.5.0-1022-azure"/>
    <property name="java.runtime.name" value="OpenJDK Runtime Environment"/>
    <property name="file.encoding" value="UTF-8"/>
    <property name="java.vm.name" value="OpenJDK 64-Bit Server VM"/>
    <property name="localRepository" value="/home/codespace/.m2/repository"/>
    <property name="java.vendor.url.bug" value="https://bugs.launchpad.net/ubuntu/+source/openjdk-17"/>
    <property name="java.io.tmpdir" value="/tmp"/>
    <property name="java.version" value="17.0.12"/>
    <property name="user.dir" value="/workspaces/Unidad4TestingJUnit"/>
    <property name="os.arch" value="amd64"/>
    <property name="java.vm.specification.name" value="Java Virtual Machine Specification"/>
    <property name="native.encoding" value="UTF-8"/>
    <property name="java.library.path" value="/usr/java/packages/lib:/usr/lib/x86_64-linux-gnu/jni:/lib/x86_64-linux-gnu:/usr/lib/x86_64-linux-gnu:/usr/lib/jni:/lib:/usr/lib"/>
    <property name="java.vm.info" value="mixed mode, sharing"/>
    <property name="java.vendor" value="Ubuntu"/>
    <property name="java.vm.version" value="17.0.12+7-Ubuntu-1ubuntu220.04"/>
    <property name="sun.io.unicode.encoding" value="UnicodeLittle"/>
    <property name="java.class.version" value="61.0"/>
  </properties>
  <testcase name="testGoogleSearch" classname="com.example.SeleniumJUnitTest" time="0.125">
    <error type="org.openqa.selenium.remote.NoSuchDriverException"><![CDATA[org.openqa.selenium.remote.NoSuchDriverException: 
Unable to obtain: chromedriver, error chromedriver must exist: path/to/chromedriver
For documentation on this error, please visit: https://www.selenium.dev/documentation/webdriver/troubleshooting/errors/driver_location/
Build info: version: '4.23.1', revision: '656257d8e9'
System info: os.name: 'Linux', os.arch: 'amd64', os.version: '6.5.0-1022-azure', java.version: '17.0.12'
Driver info: driver.version: ChromeDriver
	at com.example.SeleniumJUnitTest.setUp(SeleniumJUnitTest.java:20)
Caused by: java.lang.IllegalStateException: chromedriver must exist: path/to/chromedriver
	at com.example.SeleniumJUnitTest.setUp(SeleniumJUnitTest.java:20)
]]></error>
  </testcase>
</testsuite>